rm -f results.xml
"make" -f Makefile results.xml
make[1]: Entering directory '/home/systemuser/Documents/ECE/510/GitHub/project/m2'
mkdir -p sim_build
/usr/bin/iverilog -o sim_build/sim.vvp -s gelu_axi_stream_interface -g2012 -g2012 -f sim_build/cmds.f  /home/systemuser/Documents/ECE/510/GitHub/project/m2/rtl/interface.sv /home/systemuser/Documents/ECE/510/GitHub/project/m2/rtl/compute_core.sv
/home/systemuser/Documents/ECE/510/GitHub/project/m2/rtl/compute_core.sv:86: sorry: constant selects in always_* processes are not currently supported (all bits will be included).
/home/systemuser/Documents/ECE/510/GitHub/project/m2/rtl/compute_core.sv:86: sorry: constant selects in always_* processes are not currently supported (all bits will be included).
/home/systemuser/Documents/ECE/510/GitHub/project/m2/rtl/compute_core.sv:86: sorry: constant selects in always_* processes are not currently supported (all bits will be included).
/home/systemuser/Documents/ECE/510/GitHub/project/m2/rtl/compute_core.sv:86: sorry: constant selects in always_* processes are not currently supported (all bits will be included).
/home/systemuser/Documents/ECE/510/GitHub/project/m2/rtl/compute_core.sv:86: sorry: constant selects in always_* processes are not currently supported (all bits will be included).
/home/systemuser/Documents/ECE/510/GitHub/project/m2/rtl/compute_core.sv:86: sorry: constant selects in always_* processes are not currently supported (all bits will be included).
/home/systemuser/Documents/ECE/510/GitHub/project/m2/rtl/compute_core.sv:86: sorry: constant selects in always_* processes are not currently supported (all bits will be included).
/home/systemuser/Documents/ECE/510/GitHub/project/m2/rtl/compute_core.sv:86: sorry: constant selects in always_* processes are not currently supported (all bits will be included).
/home/systemuser/Documents/ECE/510/GitHub/project/m2/rtl/compute_core.sv:86: sorry: constant selects in always_* processes are not currently supported (all bits will be included).
/home/systemuser/Documents/ECE/510/GitHub/project/m2/rtl/compute_core.sv:86: sorry: constant selects in always_* processes are not currently supported (all bits will be included).
/home/systemuser/Documents/ECE/510/GitHub/project/m2/rtl/compute_core.sv:86: sorry: constant selects in always_* processes are not currently supported (all bits will be included).
/home/systemuser/Documents/ECE/510/GitHub/project/m2/rtl/compute_core.sv:86: sorry: constant selects in always_* processes are not currently supported (all bits will be included).
/home/systemuser/Documents/ECE/510/GitHub/project/m2/rtl/compute_core.sv:86: sorry: constant selects in always_* processes are not currently supported (all bits will be included).
/home/systemuser/Documents/ECE/510/GitHub/project/m2/rtl/compute_core.sv:86: sorry: constant selects in always_* processes are not currently supported (all bits will be included).
/home/systemuser/Documents/ECE/510/GitHub/project/m2/rtl/compute_core.sv:86: sorry: constant selects in always_* processes are not currently supported (all bits will be included).
/home/systemuser/Documents/ECE/510/GitHub/project/m2/rtl/compute_core.sv:93: vvp.tgt sorry: Case unique/unique0 qualities are ignored.
/home/systemuser/.local/lib/python3.13/site-packages/cocotb_tools/makefiles/simulators/Makefile.icarus:66: Using MODULE is deprecated, please use COCOTB_TEST_MODULES instead.
rm -f results.xml
COCOTB_TEST_MODULES=tb_interface COCOTB_TESTCASE= COCOTB_TEST_FILTER= COCOTB_TOPLEVEL=gelu_axi_stream_interface TOPLEVEL_LANG=verilog \
         /usr/bin/vvp -M /home/systemuser/.local/lib/python3.13/site-packages/cocotb/libs -m libcocotbvpi_icarus   sim_build/sim.vvp   
     -.--ns INFO     gpi                                ..mbed/gpi_embed.cpp:93   in _embed_init_python              Using Python 3.13.0rc1 interpreter at /usr/bin/python3
     -.--ns INFO     gpi                                ../gpi/GpiCommon.cpp:79   in gpi_print_registered_impl       VPI registered
     0.00ns INFO     cocotb                             Running on Icarus Verilog version 12.0 (stable)
     0.00ns INFO     cocotb                             Seeding Python random module with 1778125497
     0.00ns INFO     cocotb                             Initialized cocotb v2.0.1 from /home/systemuser/.local/lib/python3.13/site-packages/cocotb
     0.00ns INFO     cocotb.regression                  pytest not found, install it to enable better AssertionError messages
     0.00ns INFO     cocotb                             Running tests
     0.00ns INFO     cocotb.regression                  running tb_interface.test_axi_stream_gelu_packet (1/1)
                                                            Drive one AXI4-Stream packet and verify GELU outputs.
[0] x=  0.50 expected=0.3457 got=1.3990 rel_err=3.0467 tlast=0
   260.00ns WARNING  ..cket.test_axi_stream_gelu_packet x=0.5: expected 0.3457, got 1.3990, rel_err=3.0467
                                                        Traceback (most recent call last):
                                                          File "/home/systemuser/Documents/ECE/510/GitHub/project/m2/tb/tb_interface.py", line 106, in test_axi_stream_gelu_packet
                                                            assert err < tolerance, (
                                                                   ^^^^^^^^^^^^^^^
                                                        AssertionError: x=0.5: expected 0.3457, got 1.3990, rel_err=3.0467
   260.00ns WARNING  cocotb.regression                  tb_interface.test_axi_stream_gelu_packet failed
   260.00ns INFO     cocotb.regression                  **************************************************************************************************
                                                        ** TEST                                      STATUS  SIM TIME (ns)  REAL TIME (s)  RATIO (ns/s) **
                                                        **************************************************************************************************
                                                        ** tb_interface.test_axi_stream_gelu_packet   FAIL         260.00           0.00      65012.46  **
                                                        **************************************************************************************************
                                                        ** TESTS=1 PASS=0 FAIL=1 SKIP=0                            260.00           0.01      26415.05  **
                                                        **************************************************************************************************
make[1]: *** [/home/systemuser/.local/lib/python3.13/site-packages/cocotb_tools/makefiles/simulators/Makefile.icarus:67: results.xml] Error 1
make[1]: Leaving directory '/home/systemuser/Documents/ECE/510/GitHub/project/m2'
make: *** [/home/systemuser/.local/lib/python3.13/site-packages/cocotb_tools/makefiles/Makefile.inc:17: sim] Error 2
