Loaded 4654 characters from data/sample.txt
Vocab size: 54  |  Data tokens: 4654
Model config: {'d_model': 64, 'n_heads': 4, 'd_ff': 256, 'n_layers': 2, 'seq_len': 64, 'batch_size': 8, 'lr': 0.003, 'seed': 42, 'vocab_size': 54}

Step    1 | loss 5.3385
Step   50 | loss 2.4876
Step  100 | loss 2.3813
Step  150 | loss 2.3230
Step  200 | loss 2.3528
Step  250 | loss 2.4576
Step  300 | loss 2.2718
Step  350 | loss 2.2815
Step  400 | loss 2.2341
Step  450 | loss 2.2922
Step  500 | loss 2.1587

Checkpoint saved to checkpoint.pkl

--- Generated text ---
Aliceen asttt oo arinouporst ghes ongo hendederand ad as icenk oot s aowatheny, oond entotllrd ad leme ereabe aimaiss, inghoken at ikende bug he gher be f taisce abutulit ae owowasas aist, lle itththe, f binghe awotrera is thesenghetsint w stheast bbe, f, astthe hela owand! st etinoonthe ce w hefos, in l
         558548 function calls (556109 primitive calls) in 45.044 seconds

   Ordered by: cumulative time

   ncalls  tottime  percall  cumtime  percall filename:lineno(function)
    107/1    0.001    0.000   45.045   45.045 {built-in method builtins.exec}
        1    0.000    0.000   45.045   45.045 train.py:1(<module>)
        1    0.000    0.000   44.857   44.857 train.py:45(main)
        1    0.080    0.080   43.618   43.618 transformer.py:390(train)
      500    0.450    0.001   21.370    0.043 transformer.py:280(backward)
      800    0.356    0.000   21.140    0.026 transformer.py:215(forward)
     1000    1.702    0.002   12.400    0.012 transformer.py:195(ff_backward)
     1600    1.238    0.001   11.441    0.007 transformer.py:187(ff_forward)
     1000   10.533    0.011   10.533    0.011 transformer.py:26(gelu_grad)
     1600   10.202    0.006   10.202    0.006 transformer.py:22(gelu)
     1600    2.820    0.002    7.830    0.005 transformer.py:109(mha_forward)
     2400    4.758    0.002    5.251    0.002 transformer.py:16(softmax)
     1000    4.237    0.004    4.845    0.005 transformer.py:141(mha_backward)
     2500    2.207    0.001    2.837    0.001 transformer.py:93(layer_norm_backward)
    38300    1.850    0.000    1.850    0.000 {method 'reduce' of 'numpy.ufunc' objects}
     4000    0.685    0.000    1.512    0.000 transformer.py:84(layer_norm_forward)
      500    1.282    0.003    1.282    0.003 transformer.py:347(step)
        1    0.027    0.027    1.231    1.231 transformer.py:435(generate)
    20400    0.041    0.000    1.177    0.000 {method 'sum' of 'numpy.ndarray' objects}
    20400    0.019    0.000    1.137    0.000 _methods.py:47(_sum)
      500    0.369    0.001    0.835    0.002 transformer.py:255(cross_entropy_loss)
      500    0.610    0.001    0.610    0.001 {method 'at' of 'numpy.ufunc' objects}
     4000    0.011    0.000    0.586    0.000 {method 'var' of 'numpy.ndarray' objects}
     4000    0.328    0.000    0.575    0.000 _methods.py:148(_var)
        9    0.001    0.000    0.548    0.061 __init__.py:1(<module>)
     7000    0.020    0.000    0.447    0.000 {method 'mean' of 'numpy.ndarray' objects}
     7000    0.109    0.000    0.428    0.000 _methods.py:115(_mean)
     2900    0.022    0.000    0.308    0.000 fromnumeric.py:66(_wrapreduction)
     2400    0.010    0.000    0.302    0.000 fromnumeric.py:3011(max)
    23400    0.229    0.000    0.229    0.000 {method 'reshape' of 'numpy.ndarray' objects}
    137/6    0.001    0.000    0.208    0.035 <frozen importlib._bootstrap>:1349(_find_and_load)
    137/6    0.001    0.000    0.208    0.035 <frozen importlib._bootstrap>:1304(_find_and_load_unlocked)
    132/5    0.001    0.000    0.206    0.041 <frozen importlib._bootstrap>:911(_load_unlocked)
    106/5    0.000    0.000    0.206    0.041 <frozen importlib._bootstrap_external>:989(exec_module)
   326/11    0.000    0.000    0.204    0.019 <frozen importlib._bootstrap>:480(_call_with_frames_removed)
    393/7    0.001    0.000    0.194    0.028 {built-in method builtins.__import__}
   146/20    0.001    0.000    0.192    0.010 <frozen importlib._bootstrap>:1390(_handle_fromlist)
     2600    0.066    0.000    0.165    0.000 _twodim_base_impl.py:510(triu)
     3000    0.005    0.000    0.152    0.000 transformer.py:167(merge)
    19076    0.119    0.000    0.141    0.000 numeric.py:97(zeros_like)
        1    0.000    0.000    0.099    0.099 __config__.py:1(<module>)
     2600    0.016    0.000    0.092    0.000 _twodim_base_impl.py:389(tri)
    11000    0.072    0.000    0.090    0.000 _methods.py:73(_count_reduce_items)
      500    0.029    0.000    0.069    0.000 transformer.py:383(get_batch)
        1    0.000    0.000    0.064    0.064 _arraypad_impl.py:1(<module>)
        1    0.000    0.000    0.063    0.063 _index_tricks_impl.py:1(<module>)
        1    0.000    0.000    0.058    0.058 defmatrix.py:1(<module>)
        1    0.000    0.000    0.057    0.057 _linalg.py:1(<module>)
     2800    0.050    0.000    0.050    0.000 {method 'copy' of 'numpy.ndarray' objects}
  254/130    0.001    0.000    0.045    0.000 typing.py:392(inner)
     2600    0.038    0.000    0.038    0.000 {method 'outer' of 'numpy.ufunc' objects}
     2607    0.027    0.000    0.038    0.000 numeric.py:170(ones)
        1    0.000    0.000    0.035    0.035 _add_newdocs.py:1(<module>)
      350    0.002    0.000    0.031    0.000 function_base.py:490(add_newdoc)
      373    0.015    0.000    0.029    0.000 inspect.py:875(cleandoc)
    22194    0.027    0.000    0.027    0.000 {built-in method numpy.zeros}
      350    0.001    0.000    0.027    0.000 function_base.py:474(_add_docstring)
      106    0.001    0.000    0.027    0.000 <frozen importlib._bootstrap_external>:1062(get_code)
    16/11    0.000    0.000    0.026    0.002 <frozen importlib._bootstrap_external>:1295(exec_module)
    16/11    0.014    0.001    0.026    0.002 {built-in method _imp.exec_dynamic}
        1    0.000    0.000    0.026    0.026 _char_codes.py:1(<module>)
       50    0.000    0.000    0.026    0.001 typing.py:514(__getitem__)
     7200    0.026    0.000    0.026    0.000 {built-in method numpy.arange}
        1    0.000    0.000    0.025    0.025 multiarray.py:1(<module>)
      197    0.002    0.000    0.025    0.000 typing.py:1242(__init__)
       50    0.001    0.000    0.024    0.000 typing.py:746(Literal)
    15000    0.020    0.000    0.020    0.000 {method 'transpose' of 'numpy.ndarray' objects}
      500    0.003    0.000    0.019    0.000 fromnumeric.py:3287(prod)
     4800    0.006    0.000    0.019    0.000 transformer.py:119(split)
        1    0.002    0.002    0.019    0.019 transformer.py:38(init_params)
      500    0.017    0.000    0.019    0.000 shape_base.py:378(stack)
    39213    0.018    0.000    0.018    0.000 {built-in method builtins.isinstance}
      201    0.006    0.000    0.016    0.000 typing.py:262(_collect_parameters)
        1    0.000    0.000    0.016    0.016 __init__.py:704(__getattr__)
      106    0.002    0.000    0.016    0.000 <frozen importlib._bootstrap_external>:751(_compile_bytecode)
      135    0.002    0.000    0.015    0.000 <frozen importlib._bootstrap>:1240(_find_spec)
      264    0.001    0.000    0.015    0.000 overrides.py:145(decorator)
        1    0.000    0.000    0.015    0.015 einsumfunc.py:1(<module>)
     5200    0.007    0.000    0.014    0.000 _twodim_base_impl.py:47(_min_int)
      106    0.014    0.000    0.014    0.000 {built-in method marshal.loads}
        1    0.000    0.000    0.014    0.014 _array_like.py:1(<module>)
        1    0.000    0.000    0.014    0.014 numeric.py:1(<module>)
   101/31    0.001    0.000    0.013    0.000 typing.py:1267(__getitem__)
       53    0.000    0.000    0.013    0.000 _add_newdocs.py:3381(_array_method_doc)
      125    0.000    0.000    0.011    0.000 <frozen importlib._bootstrap_external>:1520(find_spec)
      132    0.000    0.000    0.011    0.000 <frozen importlib._bootstrap>:806(module_from_spec)
      125    0.001    0.000    0.011    0.000 <frozen importlib._bootstrap_external>:1491(_get_spec)
    23078    0.011    0.000    0.011    0.000 {built-in method builtins.issubclass}
     4003    0.010    0.000    0.011    0.000 {built-in method builtins.hasattr}
    12000    0.010    0.000    0.010    0.000 {built-in method numpy.lib.array_utils.normalize_axis_index}
     2607    0.010    0.000    0.010    0.000 {built-in method numpy.empty}
  186/183    0.004    0.000    0.010    0.000 {built-in method builtins.__build_class__}
      192    0.002    0.000    0.010    0.000 <frozen importlib._bootstrap_external>:1593(find_spec)
   101/31    0.001    0.000    0.009    0.000 typing.py:1299(_determine_new_args)
        1    0.000    0.000    0.009    0.009 shape_base.py:1(<module>)
   101/31    0.001    0.000    0.008    0.000 typing.py:1328(_make_substitution)
        1    0.000    0.000    0.008    0.008 _dtype_like.py:1(<module>)
    17900    0.008    0.000    0.008    0.000 {built-in method numpy.asanyarray}
       67    0.000    0.000    0.008    0.000 typing.py:508(__getitem__)
       67    0.001    0.000    0.008    0.000 typing.py:687(Union)
      337    0.003    0.000    0.007    0.000 <frozen importlib._bootstrap>:304(acquire)
     7125    0.006    0.000    0.007    0.000 {built-in method builtins.getattr}
       23    0.000    0.000    0.007    0.000 overrides.py:184(decorator)
        1    0.000    0.000    0.007    0.007 fromnumeric.py:1(<module>)
      200    0.001    0.000    0.007    0.000 <frozen importlib._bootstrap>:463(_lock_unlock_module)
       16    0.000    0.000    0.007    0.000 <frozen importlib._bootstrap_external>:1287(create_module)
       16    0.006    0.000    0.006    0.000 {built-in method _imp.create_dynamic}
        1    0.000    0.000    0.006    0.006 secrets.py:1(<module>)
        1    0.000    0.000    0.006    0.006 argparse.py:1776(__init__)
        1    0.000    0.000    0.006    0.006 _internal.py:1(<module>)
        1    0.000    0.000    0.006    0.006 _pickle.py:1(<module>)
       11    0.000    0.000    0.006    0.001 argparse.py:1458(add_argument)
      106    0.001    0.000    0.006    0.000 <frozen importlib._bootstrap_external>:1183(get_data)
       53    0.001    0.000    0.005    0.000 textwrap.py:419(dedent)
      300    0.001    0.000    0.005    0.000 fromnumeric.py:939(sort)
    21683    0.005    0.000    0.005    0.000 multiarray.py:1085(copyto)
       11    0.000    0.000    0.005    0.000 argparse.py:2634(_get_formatter)
       11    0.000    0.000    0.005    0.000 argparse.py:173(__init__)
19806/19760    0.005    0.000    0.005    0.000 {built-in method builtins.len}
      196    0.000    0.000    0.005    0.000 __init__.py:280(_compile)
        1    0.000    0.000    0.005    0.005 _npyio_impl.py:1(<module>)
     1379    0.002    0.000    0.005    0.000 typing.py:1188(__setattr__)
      229    0.001    0.000    0.005    0.000 overrides.py:86(verify_matching_signatures)
     2615    0.004    0.000    0.004    0.000 {method 'astype' of 'numpy.ndarray' objects}
        1    0.000    0.000    0.004    0.004 _methods.py:1(<module>)
      137    0.000    0.000    0.004    0.000 <frozen importlib._bootstrap>:416(__enter__)
       31    0.000    0.000    0.004    0.000 typing.py:1562(copy_with)
      300    0.004    0.000    0.004    0.000 {method 'sort' of 'numpy.ndarray' objects}
    19076    0.004    0.000    0.004    0.000 numeric.py:91(_zeros_like_dispatcher)
     5627    0.004    0.000    0.004    0.000 {method 'append' of 'list' objects}
      132    0.001    0.000    0.004    0.000 <frozen importlib._bootstrap>:733(_init_module_attrs)
       15    0.000    0.000    0.004    0.000 _compiler.py:740(compile)
     6878    0.004    0.000    0.004    0.000 {built-in method builtins.min}
     4462    0.004    0.000    0.004    0.000 typing.py:1599(<genexpr>)
        1    0.000    0.000    0.004    0.004 _add_newdocs_scalars.py:1(<module>)
    19076    0.004    0.000    0.004    0.000 multiarray.py:115(empty_like)
        1    0.000    0.000    0.004    0.004 hmac.py:1(<module>)
       33    0.000    0.000    0.004    0.000 __init__.py:226(compile)
       24    0.000    0.000    0.004    0.000 typing.py:1261(__or__)
     9127    0.004    0.000    0.004    0.000 {method 'lstrip' of 'str' objects}
        1    0.000    0.000    0.004    0.004 shutil.py:1(<module>)
      212    0.001    0.000    0.004    0.000 <frozen importlib._bootstrap_external>:482(cache_from_source)
     5200    0.004    0.000    0.004    0.000 getlimits.py:423(min)
     5204    0.003    0.000    0.003    0.000 getlimits.py:436(max)
      465    0.000    0.000    0.003    0.000 <frozen importlib._bootstrap_external>:140(_path_stat)
      337    0.001    0.000    0.003    0.000 <frozen importlib._bootstrap>:162(__enter__)
        1    0.000    0.000    0.003    0.003 numerictypes.py:1(<module>)
      490    0.003    0.000    0.003    0.000 {built-in method posix.stat}
        1    0.000    0.000    0.003    0.003 pickle.py:1(<module>)
     1744    0.002    0.000    0.003    0.000 typing.py:1134(_is_dunder)
     1011    0.002    0.000    0.003    0.000 <frozen importlib._bootstrap_external>:126(_path_join)
       70    0.000    0.000    0.003    0.000 typing.py:1390(copy_with)
      197    0.000    0.000    0.003    0.000 typing.py:1147(__init__)
      458    0.001    0.000    0.003    0.000 _inspect.py:97(getargspec)
      323    0.002    0.000    0.003    0.000 typing.py:175(_type_check)
      271    0.001    0.000    0.003    0.000 functools.py:35(update_wrapper)
     3476    0.003    0.000    0.003    0.000 {method 'items' of 'dict' objects}
      228    0.000    0.000    0.003    0.000 <frozen importlib._bootstrap>:632(cached)
      337    0.001    0.000    0.003    0.000 <frozen importlib._bootstrap>:124(setdefault)
        1    0.000    0.000    0.002    0.002 format.py:1(<module>)
      300    0.001    0.000    0.002    0.000 numerictypes.py:475(issubdtype)
      122    0.000    0.000    0.002    0.000 <frozen importlib._bootstrap_external>:611(_get_cached)
      255    0.000    0.000    0.002    0.000 typing.py:723(<genexpr>)
       12    0.001    0.000    0.002    0.000 __init__.py:355(namedtuple)
      106    0.002    0.000    0.002    0.000 {method 'sub' of 're.Pattern' objects}
      106    0.002    0.000    0.002    0.000 {built-in method _io.open_code}
      106    0.002    0.000    0.002    0.000 {method 'read' of '_io.BufferedReader' objects}
      500    0.001    0.000    0.002    0.000 shape_base.py:368(_stack_dispatcher)
       15    0.000    0.000    0.002    0.000 _parser.py:969(parse)
        8    0.000    0.000    0.002    0.000 typing.py:2780(__new__)
        1    0.000    0.000    0.002    0.002 _format_impl.py:1(<module>)
       27    0.000    0.000    0.002    0.000 _add_newdocs_scalars.py:76(add_newdoc_for_scalar_type)
        1    0.000    0.000    0.002    0.002 _polynomial_impl.py:1(<module>)
       24    0.000    0.000    0.002    0.000 inspect.py:3308(signature)
      301    0.002    0.000    0.002    0.000 {built-in method numpy.array}
      337    0.001    0.000    0.002    0.000 <frozen importlib._bootstrap>:372(release)
       24    0.000    0.000    0.002    0.000 inspect.py:3050(from_callable)
    23/15    0.000    0.000    0.002    0.000 _parser.py:452(_parse_sub)
       76    0.001    0.000    0.002    0.000 typing.py:1609(__hash__)
       24    0.000    0.000    0.002    0.000 inspect.py:2470(_signature_from_callable)
     2267    0.002    0.000    0.002    0.000 typing.py:1246(<genexpr>)
     1659    0.002    0.000    0.002    0.000 {method 'join' of 'str' objects}
       53    0.000    0.000    0.002    0.000 __init__.py:179(sub)
    24/16    0.001    0.000    0.002    0.000 _parser.py:512(_parse)
     3166    0.002    0.000    0.002    0.000 {method 'startswith' of 'str' objects}
        1    0.000    0.000    0.002    0.002 _function_base_impl.py:1(<module>)
       15    0.000    0.000    0.002    0.000 _compiler.py:573(_code)
        8    0.000    0.000    0.002    0.000 typing.py:2761(_make_nmtuple)
      337    0.001    0.000    0.002    0.000 <frozen importlib._bootstrap>:426(_get_module_lock)
       53    0.002    0.000    0.002    0.000 {method 'findall' of 're.Pattern' objects}
      458    0.001    0.000    0.001    0.000 _inspect.py:66(getargs)
      600    0.001    0.000    0.001    0.000 numerictypes.py:293(issubclass_)
  824/819    0.001    0.000    0.001    0.000 {built-in method __new__ of type object at 0xa43b40}
       24    0.001    0.000    0.001    0.000 inspect.py:2366(_signature_from_function)
      500    0.001    0.000    0.001    0.000 shape_base.py:206(_arrays_for_stack_dispatcher)
      365    0.001    0.000    0.001    0.000 typing.py:1178(__getattr__)
      373    0.001    0.000    0.001    0.000 {method 'expandtabs' of 'str' objects}
      149    0.000    0.000    0.001    0.000 <frozen importlib._bootstrap_external>:159(_path_isfile)
      384    0.001    0.000    0.001    0.000 {method 'split' of 'str' objects}
        1    0.000    0.000    0.001    0.001 _utils_impl.py:1(<module>)
       67    0.000    0.000    0.001    0.000 typing.py:345(_remove_dups_flatten)
      122    0.000    0.000    0.001    0.000 <frozen importlib._bootstrap_external>:1588(_get_spec)
       12    0.001    0.000    0.001    0.000 {built-in method builtins.eval}
      212    0.001    0.000    0.001    0.000 <frozen importlib._bootstrap_external>:132(_path_split)
        1    0.000    0.000    0.001    0.001 _arraysetops_impl.py:1(<module>)
      158    0.000    0.000    0.001    0.000 <frozen importlib._bootstrap_external>:150(_path_is_mode_type)
      117    0.000    0.000    0.001    0.000 typing.py:317(_deduplicate)
    45/15    0.000    0.000    0.001    0.000 _compiler.py:37(_compile)
        1    0.001    0.001    0.001    0.001 {built-in method _pickle.dump}
      220    0.000    0.000    0.001    0.000 <frozen importlib._bootstrap_external>:1469(_path_importer_cache)
      110    0.000    0.000    0.001    0.000 __init__.py:164(match)
        1    0.000    0.000    0.001    0.001 bz2.py:1(<module>)
        1    0.000    0.000    0.001    0.001 transformer.py:337(__init__)
      129    0.001    0.000    0.001    0.000 {built-in method fromkeys}
       17    0.000    0.000    0.001    0.000 <frozen abc>:105(__new__)
       25    0.000    0.000    0.001    0.000 dtypes.py:30(_add_dtype_helper)
        1    0.000    0.000    0.001    0.001 _globals.py:1(<module>)
      137    0.000    0.000    0.001    0.000 <frozen importlib._bootstrap>:420(__exit__)
        1    0.000    0.000    0.001    0.001 _twodim_base_impl.py:1(<module>)
       11    0.000    0.000    0.001    0.000 typing.py:1264(__ror__)
      122    0.001    0.000    0.001    0.000 <frozen importlib._bootstrap_external>:802(spec_from_file_location)
        1    0.000    0.000    0.001    0.001 arrayprint.py:1(<module>)
     2900    0.001    0.000    0.001    0.000 multiarray.py:403(where)
        1    0.000    0.000    0.001    0.001 _type_check_impl.py:1(<module>)
       50    0.000    0.000    0.001    0.000 typing.py:361(_flatten_literal_params)
      106    0.000    0.000    0.001    0.000 <frozen importlib._bootstrap_external>:1202(path_stats)
        1    0.000    0.000    0.001    0.001 random.py:1(<module>)
        1    0.000    0.000    0.001    0.001 printoptions.py:1(<module>)
        1    0.000    0.000    0.001    0.001 argparse.py:1907(parse_args)
     2400    0.001    0.000    0.001    0.000 fromnumeric.py:3006(_max_dispatcher)
      350    0.000    0.000    0.001    0.000 function_base.py:456(_needs_add_docstring)
        9    0.000    0.000    0.001    0.000 <frozen importlib._bootstrap_external>:1456(_path_hooks)
        1    0.000    0.000    0.001    0.001 argparse.py:1914(parse_known_args)
      108    0.001    0.000    0.001    0.000 {method '__exit__' of '_io._IOBase' objects}
      186    0.000    0.000    0.001    0.000 typing.py:961(_is_unpacked_typevartuple)
      600    0.000    0.000    0.001    0.000 getlimits.py:178(__new__)
        1    0.000    0.000    0.001    0.001 argparse.py:1952(_parse_known_args)
      337    0.001    0.000    0.001    0.000 <frozen importlib._bootstrap>:74(__new__)
        1    0.000    0.000    0.001    0.001 overrides.py:1(<module>)
     1560    0.001    0.000    0.001    0.000 {method 'endswith' of 'str' objects}
     1746    0.001    0.000    0.001    0.000 {built-in method builtins.setattr}
  533/455    0.000    0.000    0.001    0.000 typing.py:1258(__hash__)
      226    0.000    0.000    0.001    0.000 {built-in method builtins.max}
        3    0.000    0.000    0.001    0.000 warnings.py:131(filterwarnings)
      104    0.000    0.000    0.001    0.000 typing.py:977(_typevar_subst)
        1    0.000    0.000    0.001    0.001 scimath.py:1(<module>)
     2600    0.001    0.000    0.001    0.000 _twodim_base_impl.py:450(_trilu_dispatcher)
     2234    0.001    0.000    0.001    0.000 {method 'rstrip' of 'str' objects}
       10    0.000    0.000    0.001    0.000 typing.py:1047(_generic_class_getitem)
     1522    0.001    0.000    0.001    0.000 {method 'get' of 'dict' objects}
        4    0.000    0.000    0.001    0.000 argparse.py:2020(consume_optional)
        3    0.000    0.000    0.001    0.000 gettext.py:631(gettext)
        1    0.000    0.000    0.001    0.001 _type_aliases.py:1(<module>)
        3    0.000    0.000    0.001    0.000 gettext.py:593(dgettext)
        3    0.000    0.000    0.001    0.000 gettext.py:534(translation)
      106    0.000    0.000    0.001    0.000 <frozen importlib._bootstrap_external>:666(_classify_pyc)
        1    0.000    0.000    0.001    0.001 lzma.py:1(<module>)
        3    0.000    0.000    0.001    0.000 gettext.py:479(find)
        1    0.000    0.000    0.001    0.001 argparse.py:1(<module>)
        1    0.000    0.000    0.001    0.001 platform.py:1(<module>)
      189    0.001    0.000    0.001    0.000 {method 'format' of 'str' objects}
      106    0.000    0.000    0.001    0.000 <frozen importlib._bootstrap_external>:699(_validate_timestamp_pyc)
        4    0.000    0.000    0.001    0.000 argparse.py:2241(_match_argument)
        1    0.000    0.000    0.001    0.001 _nanfunctions_impl.py:1(<module>)
      337    0.000    0.000    0.001    0.000 <frozen importlib._bootstrap>:82(remove)
        1    0.000    0.000    0.001    0.001 numbers.py:1(<module>)
      318    0.000    0.000    0.001    0.000 <frozen importlib._bootstrap_external>:84(_unpack_uint32)
       38    0.000    0.000    0.001    0.000 {method '__typing_subst__' of 'typing.TypeVar' objects}
      135    0.000    0.000    0.001    0.000 __init__.py:82(find_spec)
    347/1    0.000    0.000    0.001    0.001 __config__.py:19(_cleanup)
      337    0.001    0.000    0.001    0.000 <frozen importlib._bootstrap>:79(__init__)
        9    0.000    0.000    0.000    0.000 <frozen importlib._bootstrap_external>:1644(_fill_cache)
        1    0.000    0.000    0.000    0.000 _shape_base_impl.py:1(<module>)
      997    0.000    0.000    0.000    0.000 {method 'pop' of 'list' objects}
      832    0.000    0.000    0.000    0.000 {method 'rpartition' of 'str' objects}
        5    0.000    0.000    0.000    0.000 typing.py:1822(__new__)
        9    0.000    0.000    0.000    0.000 <frozen zipimport>:64(__init__)
       75    0.000    0.000    0.000    0.000 inspect.py:2712(__init__)
      337    0.000    0.000    0.000    0.000 <frozen importlib._bootstrap>:173(__exit__)
      682    0.000    0.000    0.000    0.000 typing.py:1252(__eq__)
        1    0.000    0.000    0.000    0.000 typing.py:731(_make_union)
     1736    0.000    0.000    0.000    0.000 typing.py:774(<genexpr>)
        2    0.000    0.000    0.000    0.000 enum.py:528(__new__)
       63    0.000    0.000    0.000    0.000 typing.py:1573(__hash__)
      458    0.000    0.000    0.000    0.000 <string>:1(<lambda>)
        3    0.000    0.000    0.000    0.000 argparse.py:1376(__init__)
     1130    0.000    0.000    0.000    0.000 <frozen importlib._bootstrap>:491(_verbose_message)
       10    0.000    0.000    0.000    0.000 <frozen importlib._bootstrap>:997(exec_module)
        9    0.000    0.000    0.000    0.000 {built-in method posix.listdir}
        1    0.000    0.000    0.000    0.000 contextvars.py:1(<module>)
        1    0.000    0.000    0.000    0.000 _nested_sequence.py:1(<module>)
      448    0.000    0.000    0.000    0.000 typing.py:166(_type_convert)
      136    0.000    0.000    0.000    0.000 <frozen importlib._bootstrap>:445(cb)
       15    0.000    0.000    0.000    0.000 _compiler.py:511(_compile_info)
       10    0.000    0.000    0.000    0.000 {built-in method _imp.exec_builtin}
  672/594    0.000    0.000    0.000    0.000 {built-in method builtins.hash}
        2    0.000    0.000    0.000    0.000 transformer.py:372(encode)
        2    0.000    0.000    0.000    0.000 {built-in method _io.open}
        1    0.000    0.000    0.000    0.000 _scimath_impl.py:1(<module>)
      135    0.000    0.000    0.000    0.000 <frozen importlib._bootstrap>:982(find_spec)
        1    0.000    0.000    0.000    0.000 _nbit_base.py:1(<module>)
      424    0.000    0.000    0.000    0.000 <frozen importlib._bootstrap_external>:134(<genexpr>)
      520    0.000    0.000    0.000    0.000 <frozen importlib._bootstrap>:1222(__enter__)
      520    0.000    0.000    0.000    0.000 <frozen importlib._bootstrap>:1226(__exit__)
       10    0.000    0.000    0.000    0.000 <frozen importlib._bootstrap>:989(create_module)
      125    0.000    0.000    0.000    0.000 <frozen importlib._bootstrap>:1128(find_spec)
      993    0.000    0.000    0.000    0.000 {built-in method _imp.acquire_lock}
      271    0.000    0.000    0.000    0.000 <frozen importlib._bootstrap>:645(parent)
       30    0.000    0.000    0.000    0.000 enum.py:1562(__and__)
      375    0.000    0.000    0.000    0.000 {built-in method numpy._core._multiarray_umath.add_docstring}
      674    0.000    0.000    0.000    0.000 {method '__exit__' of '_thread.RLock' objects}
       10    0.000    0.000    0.000    0.000 {built-in method _imp.create_builtin}
      458    0.000    0.000    0.000    0.000 _inspect.py:13(ismethod)
        1    0.000    0.000    0.000    0.000 hashlib.py:1(<module>)
        1    0.000    0.000    0.000    0.000 datetime.py:1(<module>)
        1    0.000    0.000    0.000    0.000 _compat_pickle.py:1(<module>)
       17    0.000    0.000    0.000    0.000 _compiler.py:243(_optimize_charset)
      101    0.000    0.000    0.000    0.000 typing.py:307(_unpack_args)
        1    0.000    0.000    0.000    0.000 function_base.py:1(<module>)
      136    0.000    0.000    0.000    0.000 <frozen importlib._bootstrap>:232(__init__)
        1    0.000    0.000    0.000    0.000 _exceptions.py:1(<module>)
      131    0.000    0.000    0.000    0.000 <frozen importlib._bootstrap_external>:185(_path_abspath)
        1    0.000    0.000    0.000    0.000 array_utils.py:1(<module>)
      993    0.000    0.000    0.000    0.000 {built-in method _imp.release_lock}
        9    0.000    0.000    0.000    0.000 <frozen importlib._bootstrap_external>:1685(path_hook_for_FileFinder)
        1    0.000    0.000    0.000    0.000 _ufunclike_impl.py:1(<module>)
      306    0.000    0.000    0.000    0.000 _parser.py:168(__getitem__)
        1    0.000    0.000    0.000    0.000 exceptions.py:1(<module>)
       14    0.000    0.000    0.000    0.000 hashlib.py:126(__get_openssl_constructor)
      458    0.000    0.000    0.000    0.000 _inspect.py:26(isfunction)
      156    0.000    0.000    0.000    0.000 {method 'extend' of 'list' objects}
      674    0.000    0.000    0.000    0.000 {built-in method _thread.get_ident}
        1    0.000    0.000    0.000    0.000 _endian.py:1(<module>)
      458    0.000    0.000    0.000    0.000 _inspect.py:41(iscode)
        1    0.000    0.000    0.000    0.000 _iotools.py:1(<module>)
      106    0.000    0.000    0.000    0.000 <frozen importlib._bootstrap_external>:643(_check_name_wrapper)
      216    0.000    0.000    0.000    0.000 typing.py:1293(<genexpr>)
      500    0.000    0.000    0.000    0.000 fromnumeric.py:3282(_prod_dispatcher)
       11    0.000    0.000    0.000    0.000 shutil.py:1461(get_terminal_size)
        6    0.000    0.000    0.000    0.000 numeric.py:2750(extend_all)
        1    0.000    0.000    0.000    0.000 records.py:1(<module>)
       24    0.000    0.000    0.000    0.000 inspect.py:2998(__init__)
      206    0.000    0.000    0.000    0.000 _parser.py:261(get)
        4    0.000    0.000    0.000    0.000 argparse.py:2378(_get_nargs_pattern)
        1    0.000    0.000    0.000    0.000 _histograms_impl.py:1(<module>)
        3    0.000    0.000    0.000    0.000 _ufunc_config.py:496(inner)
        1    0.000    0.000    0.000    0.000 _stride_tricks_impl.py:1(<module>)
        1    0.000    0.000    0.000    0.000 struct.py:1(<module>)
        1    0.000    0.000    0.000    0.000 transformer.py:375(decode)
        5    0.000    0.000    0.000    0.000 typing.py:1966(__init_subclass__)
        1    0.000    0.000    0.000    0.000 base64.py:1(<module>)
      131    0.000    0.000    0.000    0.000 <frozen importlib._bootstrap_external>:180(_path_isabs)
        1    0.000    0.000    0.000    0.000 getlimits.py:1(<module>)
    52/22    0.000    0.000    0.000    0.000 _parser.py:178(getwidth)
      409    0.000    0.000    0.000    0.000 {method 'add' of 'set' objects}
      105    0.000    0.000    0.000    0.000 enum.py:726(__call__)
      256    0.000    0.000    0.000    0.000 typing.py:1565(__eq__)
       24    0.000    0.000    0.000    0.000 <frozen posixpath>:71(join)
      341    0.000    0.000    0.000    0.000 {method 'remove' of 'list' objects}
      135    0.000    0.000    0.000    0.000 {built-in method _imp.is_builtin}
      106    0.000    0.000    0.000    0.000 <frozen importlib._bootstrap>:48(_new_module)
       17    0.000    0.000    0.000    0.000 {built-in method _abc._abc_init}
        2    0.000    0.000    0.000    0.000 typing.py:2854(__new__)
       13    0.000    0.000    0.000    0.000 enum.py:390(__setitem__)
      306    0.000    0.000    0.000    0.000 transformer.py:376(<genexpr>)
        1    0.000    0.000    0.000    0.000 umath.py:1(<module>)
        1    0.000    0.000    0.000    0.000 numbers.py:319(Integral)
        6    0.000    0.000    0.000    0.000 gettext.py:224(_expand_lang)
      337    0.000    0.000    0.000    0.000 {built-in method _weakref._remove_dead_weakref}
       44    0.000    0.000    0.000    0.000 <frozen abc>:7(abstractmethod)
       37    0.000    0.000    0.000    0.000 <frozen os>:680(__getitem__)
        5    0.000    0.000    0.000    0.000 enum.py:254(__set_name__)
        1    0.000    0.000    0.000    0.000 _distributor_init.py:1(<module>)
        9    0.000    0.000    0.000    0.000 <frozen importlib._bootstrap_external>:1567(__init__)
       11    0.000    0.000    0.000    0.000 <frozen abc>:110(register)
        5    0.000    0.000    0.000    0.000 {method '__init_subclass__' of 'object' objects}
      213    0.000    0.000    0.000    0.000 {method 'rfind' of 'str' objects}
        2    0.000    0.000    0.000    0.000 hashlib.py:82(__get_builtin_constructor)
      503    0.000    0.000    0.000    0.000 multiarray.py:197(concatenate)
      109    0.000    0.000    0.000    0.000 __init__.py:28(decorator)
      280    0.000    0.000    0.000    0.000 _parser.py:240(__next)
       21    0.000    0.000    0.000    0.000 overrides.py:25(get_array_function_like_doc)
       11    0.000    0.000    0.000    0.000 {built-in method _abc._abc_register}
      282    0.000    0.000    0.000    0.000 {method 'update' of 'dict' objects}
        1    0.000    0.000    0.000    0.000 _compression.py:1(<module>)
        5    0.000    0.000    0.000    0.000 typing.py:1841(__init__)
        1    0.000    0.000    0.000    0.000 _version.py:1(<module>)
    32/13    0.000    0.000    0.000    0.000 <frozen abc>:121(__subclasscheck__)
      264    0.000    0.000    0.000    0.000 overrides.py:108(array_function_dispatch)
      125    0.000    0.000    0.000    0.000 {built-in method _imp.find_frozen}
       29    0.000    0.000    0.000    0.000 {built-in method posix.getcwd}
      423    0.000    0.000    0.000    0.000 {built-in method builtins.globals}
       90    0.000    0.000    0.000    0.000 enum.py:1544(_get_value)
        1    0.000    0.000    0.000    0.000 _scalars.py:1(<module>)
        3    0.000    0.000    0.000    0.000 threading.py:124(RLock)
    32/13    0.000    0.000    0.000    0.000 {built-in method _abc._abc_subclasscheck}
       24    0.000    0.000    0.000    0.000 inspect.py:175(get_annotations)
        2    0.000    0.000    0.000    0.000 enum.py:513(__prepare__)
        5    0.000    0.000    0.000    0.000 typing.py:1096(_generic_init_subclass)
       25    0.000    0.000    0.000    0.000 <frozen genericpath>:16(exists)
      177    0.000    0.000    0.000    0.000 {method 'pop' of 'dict' objects}
      319    0.000    0.000    0.000    0.000 {built-in method from_bytes}
      122    0.000    0.000    0.000    0.000 {method 'match' of 're.Pattern' objects}
      126    0.000    0.000    0.000    0.000 typing.py:1598(_value_and_type_iter)
        1    0.000    0.000    0.000    0.000 bisect.py:1(<module>)
        5    0.000    0.000    0.000    0.000 typing.py:1721(_get_protocol_attrs)
        1    0.000    0.000    0.000    0.000 __init__.py:873(blas_fpe_check)
        1    0.000    0.000    0.000    0.000 _ufunc_config.py:1(<module>)
        1    0.000    0.000    0.000    0.000 mixins.py:1(<module>)
        1    0.000    0.000    0.000    0.000 memmap.py:1(<module>)
       11    0.000    0.000    0.000    0.000 argparse.py:1887(_add_action)
       21    0.000    0.000    0.000    0.000 _compiler.py:398(_simple)
       52    0.000    0.000    0.000    0.000 {method 'replace' of 'str' objects}
      337    0.000    0.000    0.000    0.000 <frozen importlib._bootstrap>:158(__init__)
       24    0.000    0.000    0.000    0.000 inspect.py:747(unwrap)
        6    0.000    0.000    0.000    0.000 locale.py:381(normalize)
      128    0.000    0.000    0.000    0.000 _parser.py:176(append)
      359    0.000    0.000    0.000    0.000 {built-in method posix.fspath}
       11    0.000    0.000    0.000    0.000 argparse.py:1708(_add_action)
       95    0.000    0.000    0.000    0.000 _parser.py:164(__len__)
        1    0.000    0.000    0.000    0.000 _datasource.py:1(<module>)
        3    0.000    0.000    0.000    0.000 {built-in method builtins.sorted}
        1    0.000    0.000    0.000    0.000 transformer.py:366(__init__)
        1    0.000    0.000    0.000    0.000 __init__.py:265(_reset_cache)
        3    0.000    0.000    0.000    0.000 __init__.py:509(PYFUNCTYPE)
        2    0.000    0.000    0.000    0.000 argparse.py:1509(add_argument_group)
       10    0.000    0.000    0.000    0.000 <frozen importlib._bootstrap>:662(spec_from_loader)
        2    0.000    0.000    0.000    0.000 __init__.py:73(CFUNCTYPE)
       39    0.000    0.000    0.000    0.000 {built-in method builtins.locals}
       17    0.000    0.000    0.000    0.000 {built-in method builtins.print}
       11    0.000    0.000    0.000    0.000 argparse.py:1599(_get_optional_kwargs)
        7    0.000    0.000    0.000    0.000 _parser.py:98(closegroup)
        9    0.000    0.000    0.000    0.000 <frozen importlib._bootstrap_external>:164(_path_isdir)
      300    0.000    0.000    0.000    0.000 fromnumeric.py:935(_sort_dispatcher)
        1    0.000    0.000    0.000    0.000 mixins.py:60(NDArrayOperatorsMixin)
        1    0.000    0.000    0.000    0.000 __init__.py:809(_sanity_check)
      135    0.000    0.000    0.000    0.000 <frozen importlib._bootstrap>:599(__init__)
       14    0.000    0.000    0.000    0.000 <frozen _collections_abc>:804(get)
        2    0.000    0.000    0.000    0.000 argparse.py:1686(__init__)
        2    0.000    0.000    0.000    0.000 {built-in method _ctypes.POINTER}
      136    0.000    0.000    0.000    0.000 {built-in method _thread.allocate_lock}
        1    0.000    0.000    0.000    0.000 _globals.py:66(_CopyMode)
        1    0.000    0.000    0.000    0.000 __config__.py:14(DisplayModes)
      127    0.000    0.000    0.000    0.000 _parser.py:256(match)
       99    0.000    0.000    0.000    0.000 inspect.py:3045(<genexpr>)
       11    0.000    0.000    0.000    0.000 argparse.py:1519(_add_action)
       37    0.000    0.000    0.000    0.000 <frozen os>:762(encode)
        9    0.000    0.000    0.000    0.000 overrides.py:30(finalize_array_function_like)
        4    0.000    0.000    0.000    0.000 argparse.py:1999(take_action)
        1    0.000    0.000    0.000    0.000 numerictypes.py:626(_register_types)
      105    0.000    0.000    0.000    0.000 enum.py:1129(__new__)
      128    0.000    0.000    0.000    0.000 {method 'isidentifier' of 'str' objects}
       11    0.000    0.000    0.000    0.000 argparse.py:617(_format_args)
       48    0.000    0.000    0.000    0.000 _add_newdocs_scalars.py:89(<genexpr>)
        1    0.000    0.000    0.000    0.000 _ufunc.py:1(<module>)
       14    0.000    0.000    0.000    0.000 __init__.py:145(_check_size)
       80    0.000    0.000    0.000    0.000 {method 'strip' of 'str' objects}
        3    0.000    0.000    0.000    0.000 locale.py:347(_replace_encoding)
       17    0.000    0.000    0.000    0.000 _compiler.py:216(_compile_charset)
        4    0.000    0.000    0.000    0.000 _compiler.py:386(_mk_bitmap)
        1    0.000    0.000    0.000    0.000 _add_newdocs_scalars.py:18(numeric_type_aliases)
        1    0.000    0.000    0.000    0.000 __init__.py:343(__init__)
       64    0.000    0.000    0.000    0.000 _parser.py:293(tell)
        1    0.000    0.000    0.000    0.000 _array_api_info.py:1(<module>)
        1    0.000    0.000    0.000    0.000 _asarray.py:1(<module>)
      106    0.000    0.000    0.000    0.000 {built-in method _imp._fix_co_filename}
        3    0.000    0.000    0.000    0.000 functools.py:518(decorating_function)
       24    0.000    0.000    0.000    0.000 numerictypes.py:594(_scalar_type_key)
        1    0.000    0.000    0.000    0.000 pickle.py:1129(_Unpickler)
      109    0.000    0.000    0.000    0.000 __init__.py:17(set_module)
      104    0.000    0.000    0.000    0.000 typing.py:1603(__eq__)
        1    0.000    0.000    0.000    0.000 _dtype_ctypes.py:1(<module>)
    15/13    0.000    0.000    0.000    0.000 _compiler.py:436(_get_literal_prefix)
        1    0.000    0.000    0.000    0.000 _dtype.py:1(<module>)
        1    0.000    0.000    0.000    0.000 transformer.py:1(<module>)
        2    0.000    0.000    0.000    0.000 arrayprint.py:577(decorating_function)
       18    0.000    0.000    0.000    0.000 _add_newdocs_scalars.py:19(type_aliases_gen)
        4    0.000    0.000    0.000    0.000 enum.py:967(_get_mixins_)
       49    0.000    0.000    0.000    0.000 {method 'find' of 'bytearray' objects}
       11    0.000    0.000    0.000    0.000 {built-in method posix.get_terminal_size}
      124    0.000    0.000    0.000    0.000 {method '__contains__' of 'frozenset' objects}
        1    0.000    0.000    0.000    0.000 multiarray.py:81(_override___module__)
      137    0.000    0.000    0.000    0.000 <frozen importlib._bootstrap>:412(__init__)
        1    0.000    0.000    0.000    0.000 _linalg.py:84(EigResult)
       15    0.000    0.000    0.000    0.000 _parser.py:372(_escape)
       15    0.000    0.000    0.000    0.000 _parser.py:231(__init__)
        2    0.000    0.000    0.000    0.000 random.py:126(__init__)
       13    0.000    0.000    0.000    0.000 mixins.py:45(_numeric_methods)
       15    0.000    0.000    0.000    0.000 {built-in method builtins.delattr}
        5    0.000    0.000    0.000    0.000 {method 'sort' of 'list' objects}
        3    0.000    0.000    0.000    0.000 __init__.py:43(normalize_encoding)
      192    0.000    0.000    0.000    0.000 <frozen importlib._bootstrap_external>:71(_relax_case)
        3    0.000    0.000    0.000    0.000 typing.py:2112(runtime_checkable)
       11    0.000    0.000    0.000    0.000 _parser.py:449(_uniq)
       48    0.000    0.000    0.000    0.000 inspect.py:371(isfunction)
       37    0.000    0.000    0.000    0.000 argparse.py:1429(register)
        1    0.000    0.000    0.000    0.000 __init__.py:890(hugepage_setup)
        1    0.000    0.000    0.000    0.000 _pytesttester.py:1(<module>)
        1    0.000    0.000    0.000    0.000 _linalg.py:100(SVDResult)
       20    0.000    0.000    0.000    0.000 typing.py:1061(<genexpr>)
        1    0.000    0.000    0.000    0.000 _arrayterator_impl.py:1(<module>)
        1    0.000    0.000    0.000    0.000 _string_helpers.py:1(<module>)
      106    0.000    0.000    0.000    0.000 <frozen importlib._bootstrap_external>:1153(__init__)
        1    0.000    0.000    0.000    0.000 _linalg.py:88(EighResult)
        7    0.000    0.000    0.000    0.000 getlimits.py:412(__init__)
        6    0.000    0.000    0.000    0.000 _nbit_base.py:57(__init_subclass__)
      127    0.000    0.000    0.000    0.000 {built-in method builtins.ord}
        1    0.000    0.000    0.000    0.000 random.py:135(seed)
        7    0.000    0.000    0.000    0.000 _parser.py:86(opengroup)
        4    0.000    0.000    0.000    0.000 enum.py:1008(_find_data_type_)
        1    0.000    0.000    0.000    0.000 _linalg.py:96(SlogdetResult)
      257    0.000    0.000    0.000    0.000 hmac.py:19(<genexpr>)
        1    0.000    0.000    0.000    0.000 _iotools.py:452(StringConverter)
       11    0.000    0.000    0.000    0.000 argparse.py:1633(_pop_action_class)
       30    0.000    0.000    0.000    0.000 _compiler.py:570(isstring)
        1    0.000    0.000    0.000    0.000 _internal.py:253(_missing_ctypes)
      257    0.000    0.000    0.000    0.000 hmac.py:20(<genexpr>)
        1    0.000    0.000    0.000    0.000 _array_like.py:36(_SupportsArrayFunc)
       44    0.000    0.000    0.000    0.000 _parser.py:83(groups)
        9    0.000    0.000    0.000    0.000 enum.py:850(__setattr__)
       27    0.000    0.000    0.000    0.000 argparse.py:1433(_registry_get)
        4    0.000    0.000    0.000    0.000 argparse.py:2511(_get_values)
       13    0.000    0.000    0.000    0.000 transformer.py:40(<lambda>)
        1    0.000    0.000    0.000    0.000 getlimits.py:60(finfo)
        3    0.000    0.000    0.000    0.000 <frozen abc>:117(__instancecheck__)
      132    0.000    0.000    0.000    0.000 <frozen importlib._bootstrap>:653(has_location)
        1    0.000    0.000    0.000    0.000 numbers.py:57(Complex)
       87    0.000    0.000    0.000    0.000 {built-in method builtins.callable}
        4    0.000    0.000    0.000    0.000 _parser.py:274(getuntil)
       10    0.000    0.000    0.000    0.000 <frozen importlib._bootstrap>:501(_requires_builtin_wrapper)
        1    0.000    0.000    0.000    0.000 fnmatch.py:1(<module>)
        4    0.000    0.000    0.000    0.000 warnings.py:182(_add_filter)
        1    0.000    0.000    0.000    0.000 _ufunc_config.py:491(__call__)
        9    0.000    0.000    0.000    0.000 argparse.py:963(__init__)
        1    0.000    0.000    0.000    0.000 _linalg.py:92(QRResult)
       18    0.000    0.000    0.000    0.000 {built-in method _struct.calcsize}
       15    0.000    0.000    0.000    0.000 {built-in method _sre.compile}
        1    0.000    0.000    0.000    0.000 {built-in method builtins.dir}
       15    0.000    0.000    0.000    0.000 enum.py:785(__delattr__)
        1    0.000    0.000    0.000    0.000 argparse.py:166(HelpFormatter)
      106    0.000    0.000    0.000    0.000 <frozen importlib._bootstrap_external>:1178(get_filename)
        1    0.000    0.000    0.000    0.000 _polynomial_impl.py:1093(poly1d)
        1    0.000    0.000    0.000    0.000 getlimits.py:234(_init)
        1    0.000    0.000    0.000    0.000 contextlib.py:272(contextmanager)
        1    0.000    0.000    0.000    0.000 {method 'disable' of '_lsprof.Profiler' objects}
       22    0.000    0.000    0.000    0.000 _type_aliases.py:128(<lambda>)
        2    0.000    0.000    0.000    0.000 enum.py:1035(_find_new_)
       13    0.000    0.000    0.000    0.000 enum.py:79(_is_private)
       16    0.000    0.000    0.000    0.000 enum.py:202(__get__)
        3    0.000    0.000    0.000    0.000 {built-in method _abc._abc_instancecheck}
       49    0.000    0.000    0.000    0.000 {built-in method sys.intern}
      106    0.000    0.000    0.000    0.000 <frozen importlib._bootstrap_external>:986(create_module)
       72    0.000    0.000    0.000    0.000 <frozen importlib._bootstrap_external>:1573(<genexpr>)
        1    0.000    0.000    0.000    0.000 pickle.py:401(_Pickler)
        1    0.000    0.000    0.000    0.000 _add_newdocs_scalars.py:54(_get_platform_and_machine)
        1    0.000    0.000    0.000    0.000 argparse.py:1188(_SubParsersAction)
       85    0.000    0.000    0.000    0.000 _compat_pickle.py:167(<genexpr>)
        1    0.000    0.000    0.000    0.000 defmatrix.py:73(matrix)
        1    0.000    0.000    0.000    0.000 {function Random.seed at 0x73158ab45bc0}
        1    0.000    0.000    0.000    0.000 {method 'read' of '_io.TextIOWrapper' objects}
       15    0.000    0.000    0.000    0.000 _parser.py:953(fix_flags)
        2    0.000    0.000    0.000    0.000 {built-in method posix.uname}
       37    0.000    0.000    0.000    0.000 {method 'encode' of 'str' objects}
       39    0.000    0.000    0.000    0.000 {method 'lower' of 'str' objects}
       49    0.000    0.000    0.000    0.000 __init__.py:429(<genexpr>)
        5    0.000    0.000    0.000    0.000 argparse.py:2569(_get_value)
       31    0.000    0.000    0.000    0.000 {method 'get' of 'mappingproxy' objects}
       75    0.000    0.000    0.000    0.000 inspect.py:2765(name)
       25    0.000    0.000    0.000    0.000 <frozen posixpath>:41(_get_sep)
       46    0.000    0.000    0.000    0.000 _parser.py:113(__init__)
        2    0.000    0.000    0.000    0.000 enum.py:383(__init__)
       10    0.000    0.000    0.000    0.000 _compiler.py:467(_get_charset_prefix)
        1    0.000    0.000    0.000    0.000 numbers.py:172(Real)
       11    0.000    0.000    0.000    0.000 argparse.py:857(__init__)
        1    0.000    0.000    0.000    0.000 <frozen _collections_abc>:811(__contains__)
       77    0.000    0.000    0.000    0.000 {built-in method _sre.unicode_iscased}
       13    0.000    0.000    0.000    0.000 enum.py:59(_is_sunder)
        1    0.000    0.000    0.000    0.000 warnings.py:166(simplefilter)
        7    0.000    0.000    0.000    0.000 {built-in method builtins.any}
        1    0.000    0.000    0.000    0.000 _shape.py:1(<module>)
       50    0.000    0.000    0.000    0.000 {method 'setdefault' of 'dict' objects}
        1    0.000    0.000    0.000    0.000 {built-in method numpy._core._multiarray_umath._populate_finfo_constants}
       23    0.000    0.000    0.000    0.000 overrides.py:180(array_function_from_dispatcher)
        1    0.000    0.000    0.000    0.000 _nbit.py:1(<module>)
        1    0.000    0.000    0.000    0.000 _ufunc_config.py:472(__enter__)
        1    0.000    0.000    0.000    0.000 _index_tricks_impl.py:325(AxisConcatenator)
        3    0.000    0.000    0.000    0.000 {built-in method builtins.all}
        1    0.000    0.000    0.000    0.000 _array_utils_impl.py:1(<module>)
       11    0.000    0.000    0.000    0.000 enum.py:48(_is_dunder)
        1    0.000    0.000    0.000    0.000 __init__.py:442(LibraryLoader)
        6    0.000    0.000    0.000    0.000 typing.py:2310(get_origin)
       11    0.000    0.000    0.000    0.000 argparse.py:601(_metavar_formatter)
        1    0.000    0.000    0.000    0.000 {built-in method _hashlib.openssl_md5}
        6    0.000    0.000    0.000    0.000 _exceptions.py:16(_display_as_base)
       43    0.000    0.000    0.000    0.000 _compat_pickle.py:165(<genexpr>)
       13    0.000    0.000    0.000    0.000 enum.py:70(_is_internal_class)
       65    0.000    0.000    0.000    0.000 {built-in method _sre.unicode_tolower}
        1    0.000    0.000    0.000    0.000 random.py:110(Random)
       11    0.000    0.000    0.000    0.000 argparse.py:610(format)
        1    0.000    0.000    0.000    0.000 {method 'dot' of 'numpy.ndarray' objects}
        1    0.000    0.000    0.000    0.000 <frozen _collections_abc>:469(__new__)
        1    0.000    0.000    0.000    0.000 random.py:889(getrandbits)
       38    0.000    0.000    0.000    0.000 {built-in method _ctypes.sizeof}
        1    0.000    0.000    0.000    0.000 _internal.py:262(_ctypes)
       20    0.000    0.000    0.000    0.000 mixins.py:17(_binary_method)
        5    0.000    0.000    0.000    0.000 enum.py:38(_is_descriptor)
        1    0.000    0.000    0.000    0.000 _inspect.py:1(<module>)
        4    0.000    0.000    0.000    0.000 _parser.py:304(checkgroupname)
       11    0.000    0.000    0.000    0.000 argparse.py:1646(_check_conflict)
        1    0.000    0.000    0.000    0.000 _expired_attrs_2_0.py:1(<module>)
       25    0.000    0.000    0.000    0.000 _compiler.py:428(_get_iscased)
       15    0.000    0.000    0.000    0.000 _parser.py:77(__init__)
       14    0.000    0.000    0.000    0.000 mixins.py:27(_reflected_binary_method)
        1    0.000    0.000    0.000    0.000 getlimits.py:354(iinfo)
       24    0.000    0.000    0.000    0.000 {built-in method sys.getrecursionlimit}
        4    0.000    0.000    0.000    0.000 {built-in method numpy._core._multiarray_umath._make_extobj}
       14    0.000    0.000    0.000    0.000 {method 'islower' of 'str' objects}
        1    0.000    0.000    0.000    0.000 {built-in method _hashlib.openssl_sha1}
        3    0.000    0.000    0.000    0.000 _compiler.py:407(_generate_overlap_table)
        1    0.000    0.000    0.000    0.000 platform.py:842(uname_result)
       11    0.000    0.000    0.000    0.000 {method 'fileno' of '_io.TextIOWrapper' objects}
        1    0.000    0.000    0.000    0.000 copyreg.py:107(_slotnames)
        6    0.000    0.000    0.000    0.000 typing.py:1070(<genexpr>)
        1    0.000    0.000    0.000    0.000 argparse.py:1021(__init__)
        1    0.000    0.000    0.000    0.000 argparse.py:2110(consume_positionals)
        1    0.000    0.000    0.000    0.000 _compression.py:33(DecompressReader)
       24    0.000    0.000    0.000    0.000 {built-in method builtins.id}
        2    0.000    0.000    0.000    0.000 enum.py:957(_check_for_existing_members_)
        1    0.000    0.000    0.000    0.000 bz2.py:26(BZ2File)
        1    0.000    0.000    0.000    0.000 argparse.py:1754(ArgumentParser)
        3    0.000    0.000    0.000    0.000 argparse.py:1637(_get_handler)
        4    0.000    0.000    0.000    0.000 typing.py:1415(__mro_entries__)
        7    0.000    0.000    0.000    0.000 argparse.py:2279(_parse_optional)
       21    0.000    0.000    0.000    0.000 _parser.py:172(__setitem__)
        4    0.000    0.000    0.000    0.000 functools.py:65(wraps)
        1    0.000    0.000    0.000    0.000 {built-in method _hashlib.openssl_sha3_224}
        7    0.000    0.000    0.000    0.000 typing.py:295(_check_generic)
        1    0.000    0.000    0.000    0.000 _npyio_impl.py:115(NpzFile)
        1    0.000    0.000    0.000    0.000 stride_tricks.py:1(<module>)
       13    0.000    0.000    0.000    0.000 mixins.py:37(_inplace_binary_method)
        2    0.000    0.000    0.000    0.000 copyreg.py:12(pickle)
       39    0.000    0.000    0.000    0.000 __init__.py:89(<lambda>)
        1    0.000    0.000    0.000    0.000 arrayprint.py:1429(SubArrayFormat)
        1    0.000    0.000    0.000    0.000 npyio.py:1(<module>)
       18    0.000    0.000    0.000    0.000 {method 'find' of 'str' objects}
        1    0.000    0.000    0.000    0.000 argparse.py:1143(__init__)
        1    0.000    0.000    0.000    0.000 memmap.py:23(memmap)
        8    0.000    0.000    0.000    0.000 functools.py:965(__init__)
        1    0.000    0.000    0.000    0.000 _exceptions.py:108(_ArrayMemoryError)
        3    0.000    0.000    0.000    0.000 <frozen os>:766(decode)
        1    0.000    0.000    0.000    0.000 <frozen posixpath>:169(basename)
       16    0.000    0.000    0.000    0.000 enum.py:1292(value)
        1    0.000    0.000    0.000    0.000 <frozen codecs>:319(decode)
        1    0.000    0.000    0.000    0.000 lzma.py:38(LZMAFile)
        1    0.000    0.000    0.000    0.000 _nested_sequence.py:13(_NestedSequence)
        1    0.000    0.000    0.000    0.000 arrayprint.py:1455(StructuredVoidFormat)
        1    0.000    0.000    0.000    0.000 _arrayterator_impl.py:16(Arrayterator)
        1    0.000    0.000    0.000    0.000 records.py:279(recarray)
       11    0.000    0.000    0.000    0.000 argparse.py:218(__init__)
        6    0.000    0.000    0.000    0.000 _pytesttester.py:75(__init__)
        1    0.000    0.000    0.000    0.000 argparse.py:998(__init__)
        1    0.000    0.000    0.000    0.000 version.py:1(<module>)
        1    0.000    0.000    0.000    0.000 hmac.py:27(HMAC)
        1    0.000    0.000    0.000    0.000 numbers.py:292(Rational)
        3    0.000    0.000    0.000    0.000 functools.py:479(lru_cache)
        1    0.000    0.000    0.000    0.000 {method 'union' of 'set' objects}
        1    0.000    0.000    0.000    0.000 _ufunc_config.py:488(__exit__)
        1    0.000    0.000    0.000    0.000 argparse.py:1374(_ActionsContainer)
        9    0.000    0.000    0.000    0.000 _compiler.py:31(_combine_flags)
        1    0.000    0.000    0.000    0.000 _parser.py:893(_parse_flags)
        1    0.000    0.000    0.000    0.000 _version.py:13(NumpyVersion)
        1    0.000    0.000    0.000    0.000 numerictypes.py:239(obj2sctype)
        7    0.000    0.000    0.000    0.000 typing.py:2534(final)
        1    0.000    0.000    0.000    0.000 _iotools.py:229(NameValidator)
       16    0.000    0.000    0.000    0.000 <frozen importlib._bootstrap_external>:1276(__init__)
        4    0.000    0.000    0.000    0.000 {method 'set' of '_contextvars.ContextVar' objects}
        1    0.000    0.000    0.000    0.000 {built-in method posix.putenv}
       16    0.000    0.000    0.000    0.000 typing.py:2786(<genexpr>)
        4    0.000    0.000    0.000    0.000 {method 'translate' of 'bytearray' objects}
        8    0.000    0.000    0.000    0.000 {method 'removeprefix' of 'str' objects}
        3    0.000    0.000    0.000    0.000 argparse.py:992(__call__)
        4    0.000    0.000    0.000    0.000 {method 'reset' of '_contextvars.ContextVar' objects}
        1    0.000    0.000    0.000    0.000 platform.py:794(_Processor)
        1    0.000    0.000    0.000    0.000 _exceptions.py:92(_UFuncOutputCastingError)
       15    0.000    0.000    0.000    0.000 {method 'isalnum' of 'str' objects}
        2    0.000    0.000    0.000    0.000 enum.py:986(_find_data_repr_)
        1    0.000    0.000    0.000    0.000 random.py:222(__init_subclass__)
        3    0.000    0.000    0.000    0.000 typing.py:966(_is_typevar_like)
        1    0.000    0.000    0.000    0.000 {built-in method _hashlib.openssl_sha3_384}
        1    0.000    0.000    0.000    0.000 _dtype_like.py:29(_DTypeDictBase)
        1    0.000    0.000    0.000    0.000 pickle.py:194(_Framer)
        1    0.000    0.000    0.000    0.000 _datasource.py:72(_FileOpeners)
        1    0.000    0.000    0.000    0.000 _index_tricks_impl.py:549(__init__)
        1    0.000    0.000    0.000    0.000 {built-in method _hashlib.openssl_sha224}
        1    0.000    0.000    0.000    0.000 _internal.py:591(_Stream)
        1    0.000    0.000    0.000    0.000 {built-in method _hashlib.openssl_sha3_256}
        1    0.000    0.000    0.000    0.000 _datasource.py:195(DataSource)
        1    0.000    0.000    0.000    0.000 _index_tricks_impl.py:266(__init__)
        8    0.000    0.000    0.000    0.000 typing.py:2846(_namedtuple_mro_entries)
        1    0.000    0.000    0.000    0.000 records.py:196(record)
        1    0.000    0.000    0.000    0.000 {built-in method _hashlib.openssl_shake_256}
        2    0.000    0.000    0.000    0.000 _ufunc_config.py:462(__init__)
        1    0.000    0.000    0.000    0.000 {built-in method _hashlib.openssl_sha3_512}
        1    0.000    0.000    0.000    0.000 __init__.py:322(CDLL)
        1    0.000    0.000    0.000    0.000 {built-in method _ctypes.dlopen}
        1    0.000    0.000    0.000    0.000 argparse.py:806(Action)
       10    0.000    0.000    0.000    0.000 <frozen _collections_abc>:341(__subclasshook__)
        1    0.000    0.000    0.000    0.000 _ufunc_config.py:386(errstate)
        1    0.000    0.000    0.000    0.000 {built-in method _hashlib.openssl_shake_128}
        1    0.000    0.000    0.000    0.000 {built-in method _hashlib.openssl_sha256}
        1    0.000    0.000    0.000    0.000 {built-in method _hashlib.openssl_sha384}
        1    0.000    0.000    0.000    0.000 {built-in method posix.urandom}
        1    0.000    0.000    0.000    0.000 _dtype_like.py:35(_DTypeDict)
        3    0.000    0.000    0.000    0.000 __init__.py:907(<genexpr>)
        1    0.000    0.000    0.000    0.000 {built-in method _hashlib.openssl_sha512}
        1    0.000    0.000    0.000    0.000 _array_like.py:31(_SupportsArray)
        4    0.000    0.000    0.000    0.000 {built-in method sys._getframemodulename}
        3    0.000    0.000    0.000    0.000 __init__.py:510(CFunctionType)
        1    0.000    0.000    0.000    0.000 <frozen codecs>:309(__init__)
        1    0.000    0.000    0.000    0.000 _globals.py:53(__new__)
        8    0.000    0.000    0.000    0.000 functools.py:970(__set_name__)
       12    0.000    0.000    0.000    0.000 {method 'isascii' of 'str' objects}
        1    0.000    0.000    0.000    0.000 {built-in method math.exp}
        1    0.000    0.000    0.000    0.000 _internal.py:211(dummy_ctype)
        1    0.000    0.000    0.000    0.000 _array_api_info.py:30(__array_namespace_info__)
        1    0.000    0.000    0.000    0.000 arrayprint.py:977(FloatingFormat)
        1    0.000    0.000    0.000    0.000 _function_base_impl.py:2267(vectorize)
        4    0.000    0.000    0.000    0.000 typing.py:2867(<genexpr>)
        4    0.000    0.000    0.000    0.000 {method 'group' of 're.Match' objects}
        1    0.000    0.000    0.000    0.000 argparse.py:1899(_get_positional_actions)
        1    0.000    0.000    0.000    0.000 records.py:56(format_parser)
        1    0.000    0.000    0.000    0.000 _dtype_like.py:44(_HasDType)
        1    0.000    0.000    0.000    0.000 _datasource.py:532(Repository)
        2    0.000    0.000    0.000    0.000 _index_tricks_impl.py:337(__init__)
        1    0.000    0.000    0.000    0.000 _compression.py:9(BaseStream)
        1    0.000    0.000    0.000    0.000 {built-in method posix.unsetenv}
        5    0.000    0.000    0.000    0.000 typing.py:1971(<genexpr>)
        3    0.000    0.000    0.000    0.000 {method 'index' of 'str' objects}
        1    0.000    0.000    0.000    0.000 _iotools.py:133(LineSplitter)
        1    0.000    0.000    0.000    0.000 pickle.py:257(_Unframer)
        1    0.000    0.000    0.000    0.000 _index_tricks_impl.py:318(__init__)
        1    0.000    0.000    0.000    0.000 _index_tricks_impl.py:583(__init__)
        4    0.000    0.000    0.000    0.000 _parser.py:166(__delitem__)
        1    0.000    0.000    0.000    0.000 arrayprint.py:1392(DatetimeFormat)
        1    0.000    0.000    0.000    0.000 _index_tricks_impl.py:590(ndenumerate)
        1    0.000    0.000    0.000    0.000 _exceptions.py:37(_UFuncNoLoopError)
        3    0.000    0.000    0.000    0.000 {method 'keys' of 'dict' objects}
        1    0.000    0.000    0.000    0.000 argparse.py:2263(_match_arguments_partial)
        6    0.000    0.000    0.000    0.000 {method 'reverse' of 'list' objects}
        1    0.000    0.000    0.000    0.000 _index_tricks_impl.py:107(nd_grid)
        4    0.000    0.000    0.000    0.000 {method 'insert' of 'list' objects}
        1    0.000    0.000    0.000    0.000 _dtype_like.py:49(_HasNumPyDType)
        1    0.000    0.000    0.000    0.000 _arraysetops_impl.py:419(UniqueAllResult)
        1    0.000    0.000    0.000    0.000 argparse.py:904(BooleanOptionalAction)
        3    0.000    0.000    0.000    0.000 {method 'decode' of 'bytes' objects}
        1    0.000    0.000    0.000    0.000 random.py:876(SystemRandom)
        2    0.000    0.000    0.000    0.000 __init__.py:102(CFunctionType)
        1    0.000    0.000    0.000    0.000 _globals.py:32(_NoValueType)
        1    0.000    0.000    0.000    0.000 _pytesttester.py:45(PytestTester)
       10    0.000    0.000    0.000    0.000 <frozen importlib._bootstrap>:1014(is_package)
        1    0.000    0.000    0.000    0.000 argparse.py:1015(__call__)
        1    0.000    0.000    0.000    0.000 _nbit_base.py:7(NBitBase)
        1    0.000    0.000    0.000    0.000 {built-in method _codecs.utf_8_decode}
        6    0.000    0.000    0.000    0.000 {method 'discard' of 'set' objects}
        1    0.000    0.000    0.000    0.000 _npyio_impl.py:50(BagObj)
        1    0.000    0.000    0.000    0.000 exceptions.py:108(AxisError)
        1    0.000    0.000    0.000    0.000 arrayprint.py:1333(ComplexFloatingFormat)
        2    0.000    0.000    0.000    0.000 _index_tricks_impl.py:143(__init__)
        1    0.000    0.000    0.000    0.000 __init__.py:157(py_object)
        1    0.000    0.000    0.000    0.000 _convertions.py:1(<module>)
        1    0.000    0.000    0.000    0.000 _arraysetops_impl.py:431(UniqueInverseResult)
        1    0.000    0.000    0.000    0.000 _datasource.py:97(__init__)
        2    0.000    0.000    0.000    0.000 {method 'setter' of 'property' objects}
        4    0.000    0.000    0.000    0.000 mixins.py:52(_unary_method)
        1    0.000    0.000    0.000    0.000 __init__.py:180(_DType_reduce)
        1    0.000    0.000    0.000    0.000 _index_tricks_impl.py:211(MGridClass)
        1    0.000    0.000    0.000    0.000 argparse.py:118(_AttributeHolder)
        1    0.000    0.000    0.000    0.000 __init__.py:373(_FuncPtr)
        1    0.000    0.000    0.000    0.000 introspect.py:1(<module>)
        1    0.000    0.000    0.000    0.000 argparse.py:1684(_ArgumentGroup)
        2    0.000    0.000    0.000    0.000 __init__.py:443(__init__)
        2    0.000    0.000    0.000    0.000 arrayprint.py:567(_recursive_guard)
        1    0.000    0.000    0.000    0.000 _endian.py:23(_swapped_meta)
        1    0.000    0.000    0.000    0.000 _exceptions.py:52(_UFuncBinaryResolutionError)
        2    0.000    0.000    0.000    0.000 {built-in method maketrans}
        1    0.000    0.000    0.000    0.000 _utils_impl.py:126(_Deprecate)
        1    0.000    0.000    0.000    0.000 arrayprint.py:1304(IntegerFormat)
        1    0.000    0.000    0.000    0.000 _arraysetops_impl.py:426(UniqueCountsResult)
        1    0.000    0.000    0.000    0.000 _exceptions.py:76(_UFuncInputCastingError)
        1    0.000    0.000    0.000    0.000 __init__.py:402(PyDLL)
        4    0.000    0.000    0.000    0.000 {built-in method _warnings._filters_mutated}
        2    0.000    0.000    0.000    0.000 {method 'clear' of 'dict' objects}
        1    0.000    0.000    0.000    0.000 arrayprint.py:1366(_TimelikeFormat)
        1    0.000    0.000    0.000    0.000 _index_tricks_impl.py:640(ndindex)
        1    0.000    0.000    0.000    0.000 dtypes.py:1(<module>)
        3    0.000    0.000    0.000    0.000 argparse.py:2594(_check_value)
        1    0.000    0.000    0.000    0.000 _index_tricks_impl.py:273(OGridClass)
        1    0.000    0.000    0.000    0.000 _stride_tricks_impl.py:14(DummyArray)
        1    0.000    0.000    0.000    0.000 arrayprint.py:1323(BoolFormat)
        1    0.000    0.000    0.000    0.000 _index_tricks_impl.py:723(IndexExpression)
        1    0.000    0.000    0.000    0.000 arrayprint.py:1424(TimedeltaFormat)
        1    0.000    0.000    0.000    0.000 transformer.py:336(AdamOptimizer)
        1    0.000    0.000    0.000    0.000 copyreg.py:22(constructor)
        1    0.000    0.000    0.000    0.000 argparse.py:1726(_MutuallyExclusiveGroup)
        1    0.000    0.000    0.000    0.000 _exceptions.py:31(UFuncTypeError)
        2    0.000    0.000    0.000    0.000 {method 'values' of 'dict' objects}
        1    0.000    0.000    0.000    0.000 numbers.py:37(Number)
        1    0.000    0.000    0.000    0.000 _globals.py:99(_SignatureDescriptor)
        1    0.000    0.000    0.000    0.000 {built-in method posix.register_at_fork}
        1    0.000    0.000    0.000    0.000 {method 'copy' of 'dict' objects}
        1    0.000    0.000    0.000    0.000 argparse.py:1141(_HelpAction)
        5    0.000    0.000    0.000    0.000 enum.py:251(__init__)
        1    0.000    0.000    0.000    0.000 argparse.py:1354(Namespace)
        1    0.000    0.000    0.000    0.000 argparse.py:961(_StoreAction)
        2    0.000    0.000    0.000    0.000 {built-in method math.log}
        1    0.000    0.000    0.000    0.000 argparse.py:1299(FileType)
        1    0.000    0.000    0.000    0.000 __init__.py:241(c_char_p)
        5    0.000    0.000    0.000    0.000 enum.py:1185(__init__)
        1    0.000    0.000    0.000    0.000 argparse.py:1160(_VersionAction)
        1    0.000    0.000    0.000    0.000 _linalg.py:114(LinAlgError)
        1    0.000    0.000    0.000    0.000 _internal.py:257(c_void_p)
        2    0.000    0.000    0.000    0.000 {method 'isdisjoint' of 'set' objects}
        1    0.000    0.000    0.000    0.000 exceptions.py:86(RankWarning)
        1    0.000    0.000    0.000    0.000 __init__.py:257(c_wchar_p)
        1    0.000    0.000    0.000    0.000 transformer.py:365(CharTokenizer)
        1    0.000    0.000    0.000    0.000 _exceptions.py:67(_UFuncCastingError)
        1    0.000    0.000    0.000    0.000 {built-in method builtins.iter}
        1    0.000    0.000    0.000    0.000 _index_tricks_impl.py:452(RClass)
        1    0.000    0.000    0.000    0.000 {built-in method numpy._core._multiarray_umath.set_typeDict}
        1    0.000    0.000    0.000    0.000 pickle.py:97(_Stop)
        1    0.000    0.000    0.000    0.000 _nbit_base.py:86(_16Bit)
        1    0.000    0.000    0.000    0.000 __init__.py:174(c_long)
        1    0.000    0.000    0.000    0.000 _ufunc_config.py:379(_unspecified)
        1    0.000    0.000    0.000    0.000 argparse.py:216(_Section)
        1    0.000    0.000    0.000    0.000 shutil.py:67(Error)
        1    0.000    0.000    0.000    0.000 exceptions.py:47(ComplexWarning)
        1    0.000    0.000    0.000    0.000 {built-in method numpy._core._multiarray_umath._reload_guard}
        1    0.000    0.000    0.000    0.000 _endian.py:48(BigEndianStructure)
        2    0.000    0.000    0.000    0.000 _index_tricks_impl.py:770(__init__)
        1    0.000    0.000    0.000    0.000 pickle.py:73(PickleError)
        1    0.000    0.000    0.000    0.000 _nbit_base.py:91(_8Bit)
        1    0.000    0.000    0.000    0.000 _nbit_base.py:65(_128Bit)
        1    0.000    0.000    0.000    0.000 <string>:1(<module>)
        1    0.000    0.000    0.000    0.000 _index_tricks_impl.py:556(CClass)
        1    0.000    0.000    0.000    0.000 argparse.py:692(RawDescriptionHelpFormatter)
        1    0.000    0.000    0.000    0.000 argparse.py:1288(_ExtendAction)
        1    0.000    0.000    0.000    0.000 exceptions.py:96(TooHardError)
        4    0.000    0.000    0.000    0.000 argparse.py:1816(identity)
        1    0.000    0.000    0.000    0.000 _endian.py:55(BigEndianUnion)
        1    0.000    0.000    0.000    0.000 argparse.py:1053(_AppendAction)
        1    0.000    0.000    0.000    0.000 argparse.py:1190(_ChoicesPseudoAction)
        1    0.000    0.000    0.000    0.000 shutil.py:70(SameFileError)
        1    0.000    0.000    0.000    0.000 {method 'copy' of 'list' objects}
        1    0.000    0.000    0.000    0.000 _nbit_base.py:71(_96Bit)
        1    0.000    0.000    0.000    0.000 argparse.py:777(ArgumentError)
        1    0.000    0.000    0.000    0.000 numerictypes.py:368(_PreprocessDTypeError)
        1    0.000    0.000    0.000    0.000 pickle.py:77(PicklingError)
        1    0.000    0.000    0.000    0.000 argparse.py:996(_StoreConstAction)
        1    0.000    0.000    0.000    0.000 _iotools.py:423(ConverterError)
        1    0.000    0.000    0.000    0.000 _nbit_base.py:76(_64Bit)
        1    0.000    0.000    0.000    0.000 shutil.py:77(ExecError)
        1    0.000    0.000    0.000    0.000 <frozen codecs>:260(__init__)
        1    0.000    0.000    0.000    0.000 __init__.py:166(c_short)
        1    0.000    0.000    0.000    0.000 exceptions.py:58(ModuleDeprecationWarning)
        1    0.000    0.000    0.000    0.000 _nbit_base.py:81(_32Bit)
        1    0.000    0.000    0.000    0.000 argparse.py:1091(_AppendConstAction)
        1    0.000    0.000    0.000    0.000 argparse.py:1019(_StoreTrueAction)
        1    0.000    0.000    0.000    0.000 argparse.py:1118(_CountAction)
        1    0.000    0.000    0.000    0.000 argparse.py:743(MetavarTypeHelpFormatter)
        1    0.000    0.000    0.000    0.000 shutil.py:73(SpecialFileError)
        1    0.000    0.000    0.000    0.000 argparse.py:703(RawTextHelpFormatter)
        1    0.000    0.000    0.000    0.000 __init__.py:252(c_bool)
        1    0.000    0.000    0.000    0.000 __init__.py:199(c_double)
        1    0.000    0.000    0.000    0.000 __init__.py:231(c_byte)
        1    0.000    0.000    0.000    0.000 __init__.py:170(c_ushort)
        1    0.000    0.000    0.000    0.000 __init__.py:224(c_ubyte)
        1    0.000    0.000    0.000    0.000 typing.py:3013(<lambda>)
        1    0.000    0.000    0.000    0.000 _endian.py:34(_swapped_struct_meta)
        1    0.000    0.000    0.000    0.000 pickle.py:84(UnpicklingError)
        1    0.000    0.000    0.000    0.000 <frozen _collections_abc>:511(_is_param_expr)
        1    0.000    0.000    0.000    0.000 exceptions.py:199(DTypePromotionError)
        1    0.000    0.000    0.000    0.000 __init__.py:262(c_wchar)
        1    0.000    0.000    0.000    0.000 exceptions.py:75(VisibleDeprecationWarning)
        1    0.000    0.000    0.000    0.000 argparse.py:714(ArgumentDefaultsHelpFormatter)
        1    0.000    0.000    0.000    0.000 __init__.py:203(c_longdouble)
        1    0.000    0.000    0.000    0.000 __init__.py:236(c_char)
        1    0.000    0.000    0.000    0.000 __init__.py:178(c_ulong)
        1    0.000    0.000    0.000    0.000 {built-in method numpy._core._multiarray_umath._set_madvise_hugepage}
        1    0.000    0.000    0.000    0.000 __init__.py:187(c_int)
        1    0.000    0.000    0.000    0.000 argparse.py:1036(_StoreFalseAction)
        1    0.000    0.000    0.000    0.000 argparse.py:1361(__init__)
        1    0.000    0.000    0.000    0.000 __init__.py:195(c_float)
        1    0.000    0.000    0.000    0.000 __init__.py:191(c_uint)
        1    0.000    0.000    0.000    0.000 _endian.py:35(_swapped_union_meta)
        1    0.000    0.000    0.000    0.000 __init__.py:247(c_void_p)
        1    0.000    0.000    0.000    0.000 shutil.py:83(RegistryError)
        1    0.000    0.000    0.000    0.000 _iotools.py:431(ConverterLockError)
        1    0.000    0.000    0.000    0.000 shutil.py:87(_GiveupOnFastCopy)
        1    0.000    0.000    0.000    0.000 shutil.py:80(ReadError)
        1    0.000    0.000    0.000    0.000 argparse.py:797(ArgumentTypeError)
        1    0.000    0.000    0.000    0.000 _iotools.py:439(ConversionWarning)
        1    0.000    0.000    0.000    0.000 {built-in method math.sqrt}
        1    0.000    0.000    0.000    0.000 random.py:903(seed)


